<?xml version="1.0" encoding="UTF-8"?>
<!-- Generated by org.testng.reporters.JUnitXMLReporter -->
<testsuite hostname="DESKTOP-GEO1BRR" ignored="0" name="RegistrationPageRegressionTests" tests="4" failures="1" timestamp="12 Feb 2019 15:47:22 GMT" time="5.008" errors="0">
  <testcase name="enterFirstNameAndLastNameTest" time="2.42" classname="tests.RegistrationTests">
    <failure type="java.lang.AssertionError" message="expected [firstname] but found [FirstName]">
      <![CDATA[java.lang.AssertionError: expected [firstname] but found [FirstName]
	at tests.RegistrationTests.enterFirstNameAndLastNameTest(RegistrationTests.java:19)
... Removed 31 stack frames]]>
    </failure>
  </testcase> <!-- enterFirstNameAndLastNameTest -->
  <testcase name="selectMaleRadioButtonTest" time="0.427" classname="tests.RegistrationTests"/>
  <testcase name="selectAHobbyTest" time="0.159" classname="tests.RegistrationTests"/>
  <testcase name="selectCountryTest" time="0.721" classname="tests.RegistrationTests"/>
</testsuite> <!-- RegistrationPageRegressionTests -->
